<?xml version="1.0" encoding="UTF-8"?>
<!-- Generated by org.testng.reporters.JUnitReportReporter -->
<testsuite skipped="0" hostname="abhishaili" name="com.ebay.qa.testcases.LoginPageTest" tests="2" failures="0" timestamp="05 Jun 2019 16:58:00 GMT" time="28.100" errors="0">
  <testcase name="validateLogo" time="12.733" classname="com.ebay.qa.testcases.LoginPageTest"/>
  <testcase name="validateSignIn" time="15.367" classname="com.ebay.qa.testcases.LoginPageTest"/>
</testsuite> <!-- com.ebay.qa.testcases.LoginPageTest -->
